

Microchip Technology PIC LITE Macro Assembler V1.33 build 59893 
                                                                                               Mon Feb 23 23:05:46 2015

Microchip Technology Omniscient Code Generator (Lite mode) build 59893
     1                           	processor	16F1823
     2                           	opt	pw 120
     3                           	opt	lm
     4                           	psect	maintext,global,class=CODE,merge=1,split=1,delta=2
     5                           	psect	cinit,global,class=CODE,merge=1,delta=2
     6                           	psect	cstackCOMMON,global,class=COMMON,space=1,delta=1
     7                           	dabs	1,0x7E,2
     8  0000                     	;# 
     9  0001                     	;# 
    10  0002                     	;# 
    11  0003                     	;# 
    12  0004                     	;# 
    13  0005                     	;# 
    14  0006                     	;# 
    15  0007                     	;# 
    16  0008                     	;# 
    17  0009                     	;# 
    18  000A                     	;# 
    19  000B                     	;# 
    20  000C                     	;# 
    21  000E                     	;# 
    22  0011                     	;# 
    23  0012                     	;# 
    24  0015                     	;# 
    25  0016                     	;# 
    26  0016                     	;# 
    27  0017                     	;# 
    28  0018                     	;# 
    29  0019                     	;# 
    30  001A                     	;# 
    31  001B                     	;# 
    32  001C                     	;# 
    33  001E                     	;# 
    34  001F                     	;# 
    35  008C                     	;# 
    36  008E                     	;# 
    37  0091                     	;# 
    38  0092                     	;# 
    39  0095                     	;# 
    40  0096                     	;# 
    41  0097                     	;# 
    42  0098                     	;# 
    43  0099                     	;# 
    44  009A                     	;# 
    45  009B                     	;# 
    46  009B                     	;# 
    47  009C                     	;# 
    48  009D                     	;# 
    49  009E                     	;# 
    50  010C                     	;# 
    51  010E                     	;# 
    52  0111                     	;# 
    53  0112                     	;# 
    54  0113                     	;# 
    55  0114                     	;# 
    56  0115                     	;# 
    57  0116                     	;# 
    58  0117                     	;# 
    59  0118                     	;# 
    60  0119                     	;# 
    61  011A                     	;# 
    62  011B                     	;# 
    63  011D                     	;# 
    64  011D                     	;# 
    65  018C                     	;# 
    66  018E                     	;# 
    67  0191                     	;# 
    68  0191                     	;# 
    69  0192                     	;# 
    70  0193                     	;# 
    71  0193                     	;# 
    72  0193                     	;# 
    73  0194                     	;# 
    74  0195                     	;# 
    75  0196                     	;# 
    76  0199                     	;# 
    77  019A                     	;# 
    78  019B                     	;# 
    79  019B                     	;# 
    80  019B                     	;# 
    81  019B                     	;# 
    82  019C                     	;# 
    83  019C                     	;# 
    84  019D                     	;# 
    85  019E                     	;# 
    86  019F                     	;# 
    87  020C                     	;# 
    88  020E                     	;# 
    89  0211                     	;# 
    90  0211                     	;# 
    91  0212                     	;# 
    92  0212                     	;# 
    93  0213                     	;# 
    94  0213                     	;# 
    95  0214                     	;# 
    96  0214                     	;# 
    97  0215                     	;# 
    98  0215                     	;# 
    99  0215                     	;# 
   100  0216                     	;# 
   101  0216                     	;# 
   102  0217                     	;# 
   103  0217                     	;# 
   104  0291                     	;# 
   105  0291                     	;# 
   106  0292                     	;# 
   107  0293                     	;# 
   108  0294                     	;# 
   109  0295                     	;# 
   110  0295                     	;# 
   111  0296                     	;# 
   112  0391                     	;# 
   113  0392                     	;# 
   114  0393                     	;# 
   115  039A                     	;# 
   116  039C                     	;# 
   117  039D                     	;# 
   118  039E                     	;# 
   119  039F                     	;# 
   120  0FE4                     	;# 
   121  0FE5                     	;# 
   122  0FE6                     	;# 
   123  0FE7                     	;# 
   124  0FE8                     	;# 
   125  0FE9                     	;# 
   126  0FEA                     	;# 
   127  0FEB                     	;# 
   128  0FED                     	;# 
   129  0FEE                     	;# 
   130  0FEF                     	;# 
   131  000E                     _PORTC	set	14
   132  000E                     _PORTCbits	set	14
   133  0099                     _OSCCON	set	153
   134  008E                     _TRISC	set	142
   135  010E                     _LATC	set	270
   136  010E                     _LATCbits	set	270
   137  018E                     _ANSELC	set	398
   138                           
   139                           	psect	maintext
   140  07E9                     __pmaintext:	
   141                           ; #config settings
   142                           
   143                           
   144                           ;psect for function _main
   145  0000                     
   146                           ; 2 bytes @ 0x0
   147 ;;
   148 ;;Main: autosize = 0, tempsize = 0, incstack = 0, save=0
   149 ;;
   150 ;; *************** function _main *****************
   151 ;; Defined at:
   152 ;;		line 37 in file "LED_Switch.c"
   153 ;; Parameters:    Size  Location     Type
   154 ;;		None
   155 ;; Auto vars:     Size  Location     Type
   156 ;;		None
   157 ;; Return value:  Size  Location     Type
   158 ;;                  2   16[COMMON] int 
   159 ;; Registers used:
   160 ;;		wreg, status,2
   161 ;; Tracked objects:
   162 ;;		On entry : 17F/0
   163 ;;		On exit  : 0/0
   164 ;;		Unchanged: 0/0
   165 ;; Data sizes:     COMMON   BANK0   BANK1
   166 ;;      Params:         0       0       0
   167 ;;      Locals:         0       0       0
   168 ;;      Temps:          0       0       0
   169 ;;      Totals:         0       0       0
   170 ;;Total ram usage:        0 bytes
   171 ;; This function calls:
   172 ;;		Nothing
   173 ;; This function is called by:
   174 ;;		Startup code after reset
   175 ;; This function uses a non-reentrant model
   176 ;;
   177  07E9                     _main:	
   178                           
   179                           ;LED_Switch.c: 39: OSCCON = 0x70;
   180                           
   181                           ;incstack = 0
   182                           ; Regs used in _main: [wreg+status,2]
   183  07E9  3070               	movlw	112
   184  07EA  0021               	movlb	1	; select bank1
   185  07EB  0099               	movwf	25	;volatile
   186                           
   187                           ;LED_Switch.c: 40: TRISC = 0x08;
   188  07EC  3008               	movlw	8
   189  07ED  008E               	movwf	14	;volatile
   190                           
   191                           ;LED_Switch.c: 41: ANSELC = 0x00;
   192  07EE  0023               	movlb	3	; select bank3
   193  07EF  018E               	clrf	14	;volatile
   194                           
   195                           ;LED_Switch.c: 42: PORTC = 0x00;
   196  07F0  0020               	movlb	0	; select bank0
   197  07F1  018E               	clrf	14	;volatile
   198                           
   199                           ;LED_Switch.c: 43: LATC = 0x00;
   200  07F2  0022               	movlb	2	; select bank2
   201  07F3  018E               	clrf	14	;volatile
   202  07F4  2FF7               	goto	l487
   203  07F5                     l489:	
   204  07F5  0022               	movlb	2	; select bank2
   205  07F6  110E               	bcf	14,2	;volatile
   206  07F7                     l487:	
   207                           ;LED_Switch.c: 45: while(1){
   208                           
   209                           
   210                           ;LED_Switch.c: 46: if(!PORTCbits.RC3) LATCbits.LATC2 = 0;
   211  07F7  0020               	movlb	0	; select bank0
   212  07F8  1D8E               	btfss	14,3	;volatile
   213  07F9  2FF5               	goto	l489
   214                           
   215                           ;LED_Switch.c: 47: else LATCbits.LATC2 = 1;
   216  07FA  0022               	movlb	2	; select bank2
   217  07FB  150E               	bsf	14,2	;volatile
   218  07FC  2FF7               	goto	l487
   219  07FD                     __end_of_main:	
   220                           ;LED_Switch.c: 48: }
   221                           ;LED_Switch.c: 49: return (0);
   222                           ;	Return value of _main is never used
   223                           
   224  007E                     btemp	set	126	;btemp
   225  007E                     pic14e$flags	set	126
   226  007E                     wtemp	set	126
   227  007E                     wtemp0	set	126
   228  0080                     wtemp1	set	128
   229  0082                     wtemp2	set	130
   230  0084                     wtemp3	set	132
   231  0086                     wtemp4	set	134
   232  0088                     wtemp5	set	136
   233  007F                     wtemp6	set	127
   234  007E                     ttemp	set	126
   235  007E                     ttemp0	set	126
   236  0081                     ttemp1	set	129
   237  0084                     ttemp2	set	132
   238  0087                     ttemp3	set	135
   239  007F                     ttemp4	set	127
   240  007E                     ltemp	set	126
   241  007E                     ltemp0	set	126
   242  0082                     ltemp1	set	130
   243  0086                     ltemp2	set	134
   244  0080                     ltemp3	set	128
   245                           
   246                           	psect	cinit
   247  07FD                     start_initialization:	
   248  07FD                     __initialization:	
   249  07FD                     end_of_initialization:	
   250                           ;End of C runtime variable initialization code
   251                           
   252  07FD                     __end_of__initialization:	
   253  07FD  107E               	bcf	pic14e$flags,0	;clear compiler interrupt flag
   254  07FE  0020               	movlb	0
   255  07FF  2FE9               	ljmp	_main	;jump to C main() function
   256                           
   257                           	psect	cstackCOMMON
   258  0000                     __pcstackCOMMON:	
   259  0000                     ??_main:	
   260  0000                     ?_main:	
   261                           ; 0 bytes @ 0x0
   262                           


Data Sizes:
    Strings     0
    Constant    0
    Data        0
    BSS         0
    Persistent  0
    Stack       0

Auto Spaces:
    Space          Size  Autos    Used
    COMMON           14      0       0
    BANK0            80      0       0
    BANK1            32      0       0

Pointer List with Targets:

    None.

Critical Paths under _main in COMMON

    None.

Critical Paths under _main in BANK0

    None.

Critical Paths under _main in BANK1

    None.

Call Graph Tables:

 ---------------------------------------------------------------------------------
 (Depth) Function   	        Calls       Base Space   Used Autos Params    Refs
 ---------------------------------------------------------------------------------
 (0) _main                                                 0     0      0       0
 ---------------------------------------------------------------------------------
 Estimated maximum stack depth 0
 ---------------------------------------------------------------------------------

 Call Graph Graphs:

 _main (ROOT)

 Address spaces:
Name               Size   Autos  Total    Cost      Usage
BIGRAM              70      0       0       0        0.0%
EEDATA             100      0       0       0        0.0%
NULL                 0      0       0       0        0.0%
CODE                 0      0       0       0        0.0%
BITCOMMON            E      0       0       1        0.0%
BITSFR0              0      0       0       1        0.0%
SFR0                 0      0       0       1        0.0%
COMMON               E      0       0       2        0.0%
BITSFR1              0      0       0       2        0.0%
SFR1                 0      0       0       2        0.0%
BITSFR2              0      0       0       3        0.0%
SFR2                 0      0       0       3        0.0%
STACK                0      0       0       3        0.0%
BITSFR3              0      0       0       4        0.0%
SFR3                 0      0       0       4        0.0%
ABS                  0      0       0       4        0.0%
BITBANK0            50      0       0       5        0.0%
BITSFR4              0      0       0       5        0.0%
SFR4                 0      0       0       5        0.0%
BANK0               50      0       0       6        0.0%
BITSFR5              0      0       0       6        0.0%
SFR5                 0      0       0       6        0.0%
BITBANK1            20      0       0       7        0.0%
BITSFR6              0      0       0       7        0.0%
SFR6                 0      0       0       7        0.0%
BANK1               20      0       0       8        0.0%
BITSFR7              0      0       0       8        0.0%
SFR7                 0      0       0       8        0.0%
BITSFR8              0      0       0       9        0.0%
SFR8                 0      0       0       9        0.0%
DATA                 0      0       0       9        0.0%
BITSFR9              0      0       0      10        0.0%
SFR9                 0      0       0      10        0.0%
BITSFR10             0      0       0      11        0.0%
SFR10                0      0       0      11        0.0%
BITSFR11             0      0       0      12        0.0%
SFR11                0      0       0      12        0.0%
BITSFR12             0      0       0      13        0.0%
SFR12                0      0       0      13        0.0%
BITSFR13             0      0       0      14        0.0%
SFR13                0      0       0      14        0.0%
BITSFR14             0      0       0      15        0.0%
SFR14                0      0       0      15        0.0%
BITSFR15             0      0       0      16        0.0%
SFR15                0      0       0      16        0.0%
BITSFR16             0      0       0      17        0.0%
SFR16                0      0       0      17        0.0%
BITSFR17             0      0       0      18        0.0%
SFR17                0      0       0      18        0.0%
BITSFR18             0      0       0      19        0.0%
SFR18                0      0       0      19        0.0%
BITSFR19             0      0       0      20        0.0%
SFR19                0      0       0      20        0.0%
BITSFR20             0      0       0      21        0.0%
SFR20                0      0       0      21        0.0%
BITSFR21             0      0       0      22        0.0%
SFR21                0      0       0      22        0.0%
BITSFR22             0      0       0      23        0.0%
SFR22                0      0       0      23        0.0%
BITSFR23             0      0       0      24        0.0%
SFR23                0      0       0      24        0.0%
BITSFR24             0      0       0      25        0.0%
SFR24                0      0       0      25        0.0%
BITSFR25             0      0       0      26        0.0%
SFR25                0      0       0      26        0.0%
BITSFR26             0      0       0      27        0.0%
SFR26                0      0       0      27        0.0%
BITSFR27             0      0       0      28        0.0%
SFR27                0      0       0      28        0.0%
BITSFR28             0      0       0      29        0.0%
SFR28                0      0       0      29        0.0%
BITSFR29             0      0       0      30        0.0%
SFR29                0      0       0      30        0.0%
BITSFR30             0      0       0      31        0.0%
SFR30                0      0       0      31        0.0%
BITSFR31             0      0       0      32        0.0%
SFR31                0      0       0      32        0.0%


Microchip Technology PIC Macro Assembler V1.33 build 59893 
Symbol Table                                                                                   Mon Feb 23 23:05:46 2015

            __CFG_CP$OFF 0000              __CFG_LVP$ON 0000                      l487 07F7  
                    l489 07F5             __CFG_CPD$OFF 0000             __CFG_BORV$LO 0000  
                   _LATC 010E             __CFG_WRT$OFF 0000                     _main 07E9  
                   btemp 007E            __CFG_BOREN$ON 0000                     ltemp 007E  
                   start 0001                     ttemp 007E                     wtemp 007E  
          __CFG_IESO$OFF 0000            __CFG_MCLRE$ON 0000                    ?_main 0000  
          __CFG_WDTE$OFF 0000                    _PORTC 000E                    _TRISC 008E  
         __CFG_FCMEN$OFF 0000                    ltemp0 007E                    ltemp1 0082  
                  ltemp2 0086                    ltemp3 0080                    ttemp0 007E  
                  ttemp1 0081                    ttemp2 0084                    ttemp3 0087  
                  ttemp4 007F                    wtemp0 007E                    wtemp1 0080  
                  wtemp2 0082                    wtemp3 0084                    wtemp4 0086  
                  wtemp5 0088                    wtemp6 007F          __initialization 07FD  
           __end_of_main 07FD                   ??_main 0000           __CFG_PLLEN$OFF 0000  
                 _ANSELC 018E                   _OSCCON 0099           __CFG_PWRTE$OFF 0000  
__end_of__initialization 07FD           __pcstackCOMMON 0000               __pmaintext 07E9  
        __CFG_STVREN$OFF 0000     end_of_initialization 07FD                _PORTCbits 000E  
       __CFG_FOSC$INTOSC 0000      start_initialization 07FD                ___latbits 0000  
               _LATCbits 010E            __size_of_main 0014              pic14e$flags 007E  
      __CFG_CLKOUTEN$OFF 0000  
